Analysis & Synthesis report for Vending_Machine
Sun Dec 18 18:15:08 2022
Quartus Prime Version 22.1std.0 Build 915 10/25/2022 SC Lite Edition


---------------------
; Table of Contents ;
---------------------
  1. Legal Notice
  2. Analysis & Synthesis Summary
  3. Analysis & Synthesis Settings
  4. Parallel Compilation
  5. Analysis & Synthesis Source Files Read
  6. Analysis & Synthesis Resource Usage Summary
  7. Analysis & Synthesis Resource Utilization by Entity
  8. Registers Removed During Synthesis
  9. General Register Statistics
 10. Multiplexer Restructuring Statistics (Restructuring Performed)
 11. Parameter Settings for Inferred Entity Instance: lpm_divide:Div1
 12. Parameter Settings for Inferred Entity Instance: lpm_divide:Div0
 13. Post-Synthesis Netlist Statistics for Top Partition
 14. Elapsed Time Per Partition
 15. Analysis & Synthesis Messages
 16. Analysis & Synthesis Suppressed Messages



----------------
; Legal Notice ;
----------------
Copyright (C) 2022  Intel Corporation. All rights reserved.
Your use of Intel Corporation's design tools, logic functions 
and other software and tools, and any partner logic 
functions, and any output files from any of the foregoing 
(including device programming or simulation files), and any 
associated documentation or information are expressly subject 
to the terms and conditions of the Intel Program License 
Subscription Agreement, the Intel Quartus Prime License Agreement,
the Intel FPGA IP License Agreement, or other applicable license
agreement, including, without limitation, that your use is for
the sole purpose of programming logic devices manufactured by
Intel and sold by Intel or its authorized distributors.  Please
refer to the applicable agreement for further details, at
https://fpgasoftware.intel.com/eula.



+-------------------------------------------------------------------------------------+
; Analysis & Synthesis Summary                                                        ;
+------------------------------------+------------------------------------------------+
; Analysis & Synthesis Status        ; Successful - Sun Dec 18 18:15:08 2022          ;
; Quartus Prime Version              ; 22.1std.0 Build 915 10/25/2022 SC Lite Edition ;
; Revision Name                      ; Vending_Machine                                ;
; Top-level Entity Name              ; Vending_Machine                                ;
; Family                             ; MAX 10                                         ;
; Total logic elements               ; 1,577                                          ;
;     Total combinational functions  ; 1,563                                          ;
;     Dedicated logic registers      ; 126                                            ;
; Total registers                    ; 126                                            ;
; Total pins                         ; 55                                             ;
; Total virtual pins                 ; 0                                              ;
; Total memory bits                  ; 0                                              ;
; Embedded Multiplier 9-bit elements ; 0                                              ;
; Total PLLs                         ; 0                                              ;
; UFM blocks                         ; 0                                              ;
; ADC blocks                         ; 0                                              ;
+------------------------------------+------------------------------------------------+


+------------------------------------------------------------------------------------------------------------+
; Analysis & Synthesis Settings                                                                              ;
+------------------------------------------------------------------+--------------------+--------------------+
; Option                                                           ; Setting            ; Default Value      ;
+------------------------------------------------------------------+--------------------+--------------------+
; Device                                                           ; 10M50DAF484C6GES   ;                    ;
; Top-level entity name                                            ; Vending_Machine    ; Vending_Machine    ;
; Family name                                                      ; MAX 10             ; Cyclone V          ;
; Use smart compilation                                            ; Off                ; Off                ;
; Enable parallel Assembler and Timing Analyzer during compilation ; On                 ; On                 ;
; Enable compact report table                                      ; Off                ; Off                ;
; Restructure Multiplexers                                         ; Auto               ; Auto               ;
; Create Debugging Nodes for IP Cores                              ; Off                ; Off                ;
; Preserve fewer node names                                        ; On                 ; On                 ;
; Intel FPGA IP Evaluation Mode                                    ; Enable             ; Enable             ;
; Verilog Version                                                  ; Verilog_2001       ; Verilog_2001       ;
; VHDL Version                                                     ; VHDL_1993          ; VHDL_1993          ;
; State Machine Processing                                         ; Auto               ; Auto               ;
; Safe State Machine                                               ; Off                ; Off                ;
; Extract Verilog State Machines                                   ; On                 ; On                 ;
; Extract VHDL State Machines                                      ; On                 ; On                 ;
; Ignore Verilog initial constructs                                ; Off                ; Off                ;
; Iteration limit for constant Verilog loops                       ; 5000               ; 5000               ;
; Iteration limit for non-constant Verilog loops                   ; 250                ; 250                ;
; Add Pass-Through Logic to Inferred RAMs                          ; On                 ; On                 ;
; Infer RAMs from Raw Logic                                        ; On                 ; On                 ;
; Parallel Synthesis                                               ; On                 ; On                 ;
; DSP Block Balancing                                              ; Auto               ; Auto               ;
; NOT Gate Push-Back                                               ; On                 ; On                 ;
; Power-Up Don't Care                                              ; On                 ; On                 ;
; Remove Redundant Logic Cells                                     ; Off                ; Off                ;
; Remove Duplicate Registers                                       ; On                 ; On                 ;
; Ignore CARRY Buffers                                             ; Off                ; Off                ;
; Ignore CASCADE Buffers                                           ; Off                ; Off                ;
; Ignore GLOBAL Buffers                                            ; Off                ; Off                ;
; Ignore ROW GLOBAL Buffers                                        ; Off                ; Off                ;
; Ignore LCELL Buffers                                             ; Off                ; Off                ;
; Ignore SOFT Buffers                                              ; On                 ; On                 ;
; Limit AHDL Integers to 32 Bits                                   ; Off                ; Off                ;
; Optimization Technique                                           ; Balanced           ; Balanced           ;
; Carry Chain Length                                               ; 70                 ; 70                 ;
; Auto Carry Chains                                                ; On                 ; On                 ;
; Auto Open-Drain Pins                                             ; On                 ; On                 ;
; Perform WYSIWYG Primitive Resynthesis                            ; Off                ; Off                ;
; Auto ROM Replacement                                             ; On                 ; On                 ;
; Auto RAM Replacement                                             ; On                 ; On                 ;
; Auto DSP Block Replacement                                       ; On                 ; On                 ;
; Auto Shift Register Replacement                                  ; Auto               ; Auto               ;
; Allow Shift Register Merging across Hierarchies                  ; Auto               ; Auto               ;
; Auto Clock Enable Replacement                                    ; On                 ; On                 ;
; Strict RAM Replacement                                           ; Off                ; Off                ;
; Allow Synchronous Control Signals                                ; On                 ; On                 ;
; Force Use of Synchronous Clear Signals                           ; Off                ; Off                ;
; Auto RAM Block Balancing                                         ; On                 ; On                 ;
; Auto RAM to Logic Cell Conversion                                ; Off                ; Off                ;
; Auto Resource Sharing                                            ; Off                ; Off                ;
; Allow Any RAM Size For Recognition                               ; Off                ; Off                ;
; Allow Any ROM Size For Recognition                               ; Off                ; Off                ;
; Allow Any Shift Register Size For Recognition                    ; Off                ; Off                ;
; Use LogicLock Constraints during Resource Balancing              ; On                 ; On                 ;
; Ignore translate_off and synthesis_off directives                ; Off                ; Off                ;
; Timing-Driven Synthesis                                          ; On                 ; On                 ;
; Report Parameter Settings                                        ; On                 ; On                 ;
; Report Source Assignments                                        ; On                 ; On                 ;
; Report Connectivity Checks                                       ; On                 ; On                 ;
; Ignore Maximum Fan-Out Assignments                               ; Off                ; Off                ;
; Synchronization Register Chain Length                            ; 2                  ; 2                  ;
; Power Optimization During Synthesis                              ; Normal compilation ; Normal compilation ;
; HDL message level                                                ; Level2             ; Level2             ;
; Suppress Register Optimization Related Messages                  ; Off                ; Off                ;
; Number of Removed Registers Reported in Synthesis Report         ; 5000               ; 5000               ;
; Number of Swept Nodes Reported in Synthesis Report               ; 5000               ; 5000               ;
; Number of Inverted Registers Reported in Synthesis Report        ; 100                ; 100                ;
; Clock MUX Protection                                             ; On                 ; On                 ;
; Auto Gated Clock Conversion                                      ; Off                ; Off                ;
; Block Design Naming                                              ; Auto               ; Auto               ;
; SDC constraint protection                                        ; Off                ; Off                ;
; Synthesis Effort                                                 ; Auto               ; Auto               ;
; Shift Register Replacement - Allow Asynchronous Clear Signal     ; On                 ; On                 ;
; Pre-Mapping Resynthesis Optimization                             ; Off                ; Off                ;
; Analysis & Synthesis Message Level                               ; Medium             ; Medium             ;
; Disable Register Merging Across Hierarchies                      ; Auto               ; Auto               ;
; Resource Aware Inference For Block RAM                           ; On                 ; On                 ;
+------------------------------------------------------------------+--------------------+--------------------+


+------------------------------------------+
; Parallel Compilation                     ;
+----------------------------+-------------+
; Processors                 ; Number      ;
+----------------------------+-------------+
; Number detected on machine ; 6           ;
; Maximum allowed            ; 6           ;
;                            ;             ;
; Average used               ; 1.00        ;
; Maximum used               ; 6           ;
;                            ;             ;
; Usage by Processor         ; % Time Used ;
;     Processor 1            ; 100.0%      ;
;     Processor 2            ;   0.1%      ;
;     Processor 3            ;   0.1%      ;
;     Processor 4            ;   0.1%      ;
;     Processor 5            ;   0.1%      ;
;     Processor 6            ;   0.1%      ;
+----------------------------+-------------+


+--------------------------------------------------------------------------------------------------------------------------------------------------------------+
; Analysis & Synthesis Source Files Read                                                                                                                       ;
+----------------------------------+-----------------+------------------------------+----------------------------------------------------------------+---------+
; File Name with User-Entered Path ; Used in Netlist ; File Type                    ; File Name with Absolute Path                                   ; Library ;
+----------------------------------+-----------------+------------------------------+----------------------------------------------------------------+---------+
; Vending_Machine.sv               ; yes             ; User SystemVerilog HDL File  ; B:/QUARTUS/vending_machine_project/Vending_Machine.sv          ;         ;
; DisplayBalance.sv                ; yes             ; User SystemVerilog HDL File  ; B:/QUARTUS/vending_machine_project/DisplayBalance.sv           ;         ;
; DisplayChange.sv                 ; yes             ; User SystemVerilog HDL File  ; B:/QUARTUS/vending_machine_project/DisplayChange.sv            ;         ;
; DisplayProduct.sv                ; yes             ; User SystemVerilog HDL File  ; B:/QUARTUS/vending_machine_project/DisplayProduct.sv           ;         ;
; lpm_divide.tdf                   ; yes             ; Megafunction                 ; b:/quartus/quartus/libraries/megafunctions/lpm_divide.tdf      ;         ;
; abs_divider.inc                  ; yes             ; Megafunction                 ; b:/quartus/quartus/libraries/megafunctions/abs_divider.inc     ;         ;
; sign_div_unsign.inc              ; yes             ; Megafunction                 ; b:/quartus/quartus/libraries/megafunctions/sign_div_unsign.inc ;         ;
; aglobal221.inc                   ; yes             ; Megafunction                 ; b:/quartus/quartus/libraries/megafunctions/aglobal221.inc      ;         ;
; db/lpm_divide_gbo.tdf            ; yes             ; Auto-Generated Megafunction  ; B:/QUARTUS/vending_machine_project/db/lpm_divide_gbo.tdf       ;         ;
; db/abs_divider_lbg.tdf           ; yes             ; Auto-Generated Megafunction  ; B:/QUARTUS/vending_machine_project/db/abs_divider_lbg.tdf      ;         ;
; db/alt_u_div_uhe.tdf             ; yes             ; Auto-Generated Megafunction  ; B:/QUARTUS/vending_machine_project/db/alt_u_div_uhe.tdf        ;         ;
; db/add_sub_t3c.tdf               ; yes             ; Auto-Generated Megafunction  ; B:/QUARTUS/vending_machine_project/db/add_sub_t3c.tdf          ;         ;
; db/add_sub_u3c.tdf               ; yes             ; Auto-Generated Megafunction  ; B:/QUARTUS/vending_machine_project/db/add_sub_u3c.tdf          ;         ;
; db/lpm_abs_p99.tdf               ; yes             ; Auto-Generated Megafunction  ; B:/QUARTUS/vending_machine_project/db/lpm_abs_p99.tdf          ;         ;
; db/lpm_abs_8b9.tdf               ; yes             ; Auto-Generated Megafunction  ; B:/QUARTUS/vending_machine_project/db/lpm_abs_8b9.tdf          ;         ;
+----------------------------------+-----------------+------------------------------+----------------------------------------------------------------+---------+


+-------------------------------------------------------+
; Analysis & Synthesis Resource Usage Summary           ;
+---------------------------------------------+---------+
; Resource                                    ; Usage   ;
+---------------------------------------------+---------+
; Estimated Total logic elements              ; 1,577   ;
;                                             ;         ;
; Total combinational functions               ; 1563    ;
; Logic element usage by number of LUT inputs ;         ;
;     -- 4 input functions                    ; 452     ;
;     -- 3 input functions                    ; 428     ;
;     -- <=2 input functions                  ; 683     ;
;                                             ;         ;
; Logic elements by mode                      ;         ;
;     -- normal mode                          ; 1009    ;
;     -- arithmetic mode                      ; 554     ;
;                                             ;         ;
; Total registers                             ; 126     ;
;     -- Dedicated logic registers            ; 126     ;
;     -- I/O registers                        ; 0       ;
;                                             ;         ;
; I/O pins                                    ; 55      ;
;                                             ;         ;
; Embedded Multiplier 9-bit elements          ; 0       ;
;                                             ;         ;
; Maximum fan-out node                        ; Add3~58 ;
; Maximum fan-out                             ; 67      ;
; Total fan-out                               ; 4818    ;
; Average fan-out                             ; 2.68    ;
+---------------------------------------------+---------+


+---------------------------------------------------------------------------------------------------------------------------------------------------------------------------------------------------------------------------------------------------------------------------------------------------------------------------------------------+
; Analysis & Synthesis Resource Utilization by Entity                                                                                                                                                                                                                                                                                         ;
+---------------------------------------+---------------------+---------------------------+-------------+------------+--------------+---------+-----------+------+--------------+------------+---------------------------------------------------------------------------------------------------------------+-----------------+--------------+
; Compilation Hierarchy Node            ; Combinational ALUTs ; Dedicated Logic Registers ; Memory Bits ; UFM Blocks ; DSP Elements ; DSP 9x9 ; DSP 18x18 ; Pins ; Virtual Pins ; ADC blocks ; Full Hierarchy Name                                                                                           ; Entity Name     ; Library Name ;
+---------------------------------------+---------------------+---------------------------+-------------+------------+--------------+---------+-----------+------+--------------+------------+---------------------------------------------------------------------------------------------------------------+-----------------+--------------+
; |Vending_Machine                      ; 1563 (261)          ; 126 (104)                 ; 0           ; 0          ; 0            ; 0       ; 0         ; 55   ; 0            ; 0          ; |Vending_Machine                                                                                              ; Vending_Machine ; work         ;
;    |DisplayBalance:balanceDisplayer|  ; 72 (72)             ; 22 (22)                   ; 0           ; 0          ; 0            ; 0       ; 0         ; 0    ; 0            ; 0          ; |Vending_Machine|DisplayBalance:balanceDisplayer                                                              ; DisplayBalance  ; work         ;
;    |DisplayChange:changeDisplayer|    ; 9 (9)               ; 0 (0)                     ; 0           ; 0          ; 0            ; 0       ; 0         ; 0    ; 0            ; 0          ; |Vending_Machine|DisplayChange:changeDisplayer                                                                ; DisplayChange   ; work         ;
;    |DisplayProduct:productDisplayer|  ; 7 (7)               ; 0 (0)                     ; 0           ; 0          ; 0            ; 0       ; 0         ; 0    ; 0            ; 0          ; |Vending_Machine|DisplayProduct:productDisplayer                                                              ; DisplayProduct  ; work         ;
;    |lpm_divide:Div0|                  ; 605 (0)             ; 0 (0)                     ; 0           ; 0          ; 0            ; 0       ; 0         ; 0    ; 0            ; 0          ; |Vending_Machine|lpm_divide:Div0                                                                              ; lpm_divide      ; work         ;
;       |lpm_divide_gbo:auto_generated| ; 605 (0)             ; 0 (0)                     ; 0           ; 0          ; 0            ; 0       ; 0         ; 0    ; 0            ; 0          ; |Vending_Machine|lpm_divide:Div0|lpm_divide_gbo:auto_generated                                                ; lpm_divide_gbo  ; work         ;
;          |abs_divider_lbg:divider|    ; 605 (4)             ; 0 (0)                     ; 0           ; 0          ; 0            ; 0       ; 0         ; 0    ; 0            ; 0          ; |Vending_Machine|lpm_divide:Div0|lpm_divide_gbo:auto_generated|abs_divider_lbg:divider                        ; abs_divider_lbg ; work         ;
;             |alt_u_div_uhe:divider|   ; 543 (543)           ; 0 (0)                     ; 0           ; 0          ; 0            ; 0       ; 0         ; 0    ; 0            ; 0          ; |Vending_Machine|lpm_divide:Div0|lpm_divide_gbo:auto_generated|abs_divider_lbg:divider|alt_u_div_uhe:divider  ; alt_u_div_uhe   ; work         ;
;             |lpm_abs_8b9:my_abs_num|  ; 58 (58)             ; 0 (0)                     ; 0           ; 0          ; 0            ; 0       ; 0         ; 0    ; 0            ; 0          ; |Vending_Machine|lpm_divide:Div0|lpm_divide_gbo:auto_generated|abs_divider_lbg:divider|lpm_abs_8b9:my_abs_num ; lpm_abs_8b9     ; work         ;
;    |lpm_divide:Div1|                  ; 609 (0)             ; 0 (0)                     ; 0           ; 0          ; 0            ; 0       ; 0         ; 0    ; 0            ; 0          ; |Vending_Machine|lpm_divide:Div1                                                                              ; lpm_divide      ; work         ;
;       |lpm_divide_gbo:auto_generated| ; 609 (0)             ; 0 (0)                     ; 0           ; 0          ; 0            ; 0       ; 0         ; 0    ; 0            ; 0          ; |Vending_Machine|lpm_divide:Div1|lpm_divide_gbo:auto_generated                                                ; lpm_divide_gbo  ; work         ;
;          |abs_divider_lbg:divider|    ; 609 (4)             ; 0 (0)                     ; 0           ; 0          ; 0            ; 0       ; 0         ; 0    ; 0            ; 0          ; |Vending_Machine|lpm_divide:Div1|lpm_divide_gbo:auto_generated|abs_divider_lbg:divider                        ; abs_divider_lbg ; work         ;
;             |alt_u_div_uhe:divider|   ; 543 (543)           ; 0 (0)                     ; 0           ; 0          ; 0            ; 0       ; 0         ; 0    ; 0            ; 0          ; |Vending_Machine|lpm_divide:Div1|lpm_divide_gbo:auto_generated|abs_divider_lbg:divider|alt_u_div_uhe:divider  ; alt_u_div_uhe   ; work         ;
;             |lpm_abs_8b9:my_abs_num|  ; 62 (62)             ; 0 (0)                     ; 0           ; 0          ; 0            ; 0       ; 0         ; 0    ; 0            ; 0          ; |Vending_Machine|lpm_divide:Div1|lpm_divide_gbo:auto_generated|abs_divider_lbg:divider|lpm_abs_8b9:my_abs_num ; lpm_abs_8b9     ; work         ;
+---------------------------------------+---------------------+---------------------------+-------------+------------+--------------+---------+-----------+------+--------------+------------+---------------------------------------------------------------------------------------------------------------+-----------------+--------------+
Note: For table entries with two numbers listed, the numbers in parentheses indicate the number of resources of the given type used by the specific entity alone. The numbers listed outside of parentheses indicate the total resources of the given type used by the specific entity and all of its sub-entities in the hierarchy.


+-----------------------------------------------------------------------------------------+
; Registers Removed During Synthesis                                                      ;
+------------------------------------------------+----------------------------------------+
; Register name                                  ; Reason for Removal                     ;
+------------------------------------------------+----------------------------------------+
; selectedNumber[3..31]                          ; Stuck at GND due to stuck port data_in ;
; DisplayBalance:balanceDisplayer|balanceLED2[7] ; Stuck at VCC due to stuck port data_in ;
; DisplayBalance:balanceDisplayer|balanceLED3[7] ; Stuck at VCC due to stuck port data_in ;
; balanceD[1]                                    ; Merged with balanceD[0]                ;
; balanceD[0]                                    ; Stuck at GND due to stuck port data_in ;
; Total Number of Removed Registers = 33         ;                                        ;
+------------------------------------------------+----------------------------------------+


+------------------------------------------------------+
; General Register Statistics                          ;
+----------------------------------------------+-------+
; Statistic                                    ; Value ;
+----------------------------------------------+-------+
; Total registers                              ; 126   ;
; Number of registers using Synchronous Clear  ; 63    ;
; Number of registers using Synchronous Load   ; 0     ;
; Number of registers using Asynchronous Clear ; 0     ;
; Number of registers using Asynchronous Load  ; 0     ;
; Number of registers using Clock Enable       ; 69    ;
; Number of registers using Preset             ; 0     ;
+----------------------------------------------+-------+


+---------------------------------------------------------------------------------------------------------------------------------------------+
; Multiplexer Restructuring Statistics (Restructuring Performed)                                                                              ;
+--------------------+-----------+---------------+----------------------+------------------------+------------+-------------------------------+
; Multiplexer Inputs ; Bus Width ; Baseline Area ; Area if Restructured ; Saving if Restructured ; Registered ; Example Multiplexer Output    ;
+--------------------+-----------+---------------+----------------------+------------------------+------------+-------------------------------+
; 3:1                ; 4 bits    ; 8 LEs         ; 4 LEs                ; 4 LEs                  ; Yes        ; |Vending_Machine|change[3]    ;
; 3:1                ; 32 bits   ; 64 LEs        ; 32 LEs               ; 32 LEs                 ; Yes        ; |Vending_Machine|balance[7]   ;
; 5:1                ; 32 bits   ; 96 LEs        ; 32 LEs               ; 64 LEs                 ; Yes        ; |Vending_Machine|balanceQ[7]  ;
; 5:1                ; 30 bits   ; 90 LEs        ; 30 LEs               ; 60 LEs                 ; Yes        ; |Vending_Machine|balanceD[24] ;
+--------------------+-----------+---------------+----------------------+------------------------+------------+-------------------------------+


+------------------------------------------------------------------+
; Parameter Settings for Inferred Entity Instance: lpm_divide:Div1 ;
+------------------------+----------------+------------------------+
; Parameter Name         ; Value          ; Type                   ;
+------------------------+----------------+------------------------+
; LPM_WIDTHN             ; 32             ; Untyped                ;
; LPM_WIDTHD             ; 6              ; Untyped                ;
; LPM_NREPRESENTATION    ; SIGNED         ; Untyped                ;
; LPM_DREPRESENTATION    ; SIGNED         ; Untyped                ;
; LPM_PIPELINE           ; 0              ; Untyped                ;
; LPM_REMAINDERPOSITIVE  ; FALSE          ; Untyped                ;
; MAXIMIZE_SPEED         ; 5              ; Untyped                ;
; CBXI_PARAMETER         ; lpm_divide_gbo ; Untyped                ;
; CARRY_CHAIN            ; MANUAL         ; Untyped                ;
; OPTIMIZE_FOR_SPEED     ; 5              ; Untyped                ;
; AUTO_CARRY_CHAINS      ; ON             ; AUTO_CARRY             ;
; IGNORE_CARRY_BUFFERS   ; OFF            ; IGNORE_CARRY           ;
; AUTO_CASCADE_CHAINS    ; ON             ; AUTO_CASCADE           ;
; IGNORE_CASCADE_BUFFERS ; OFF            ; IGNORE_CASCADE         ;
+------------------------+----------------+------------------------+
Note: In order to hide this table in the UI and the text report file, please set the "Show Parameter Settings in Synthesis Report" option in "Analysis and Synthesis Settings -> More Settings" to "Off".


+------------------------------------------------------------------+
; Parameter Settings for Inferred Entity Instance: lpm_divide:Div0 ;
+------------------------+----------------+------------------------+
; Parameter Name         ; Value          ; Type                   ;
+------------------------+----------------+------------------------+
; LPM_WIDTHN             ; 32             ; Untyped                ;
; LPM_WIDTHD             ; 6              ; Untyped                ;
; LPM_NREPRESENTATION    ; SIGNED         ; Untyped                ;
; LPM_DREPRESENTATION    ; SIGNED         ; Untyped                ;
; LPM_PIPELINE           ; 0              ; Untyped                ;
; LPM_REMAINDERPOSITIVE  ; FALSE          ; Untyped                ;
; MAXIMIZE_SPEED         ; 5              ; Untyped                ;
; CBXI_PARAMETER         ; lpm_divide_gbo ; Untyped                ;
; CARRY_CHAIN            ; MANUAL         ; Untyped                ;
; OPTIMIZE_FOR_SPEED     ; 5              ; Untyped                ;
; AUTO_CARRY_CHAINS      ; ON             ; AUTO_CARRY             ;
; IGNORE_CARRY_BUFFERS   ; OFF            ; IGNORE_CARRY           ;
; AUTO_CASCADE_CHAINS    ; ON             ; AUTO_CASCADE           ;
; IGNORE_CASCADE_BUFFERS ; OFF            ; IGNORE_CASCADE         ;
+------------------------+----------------+------------------------+
Note: In order to hide this table in the UI and the text report file, please set the "Show Parameter Settings in Synthesis Report" option in "Analysis and Synthesis Settings -> More Settings" to "Off".


+-----------------------------------------------------+
; Post-Synthesis Netlist Statistics for Top Partition ;
+-----------------------+-----------------------------+
; Type                  ; Count                       ;
+-----------------------+-----------------------------+
; boundary_port         ; 55                          ;
; cycloneiii_ff         ; 126                         ;
;     ENA               ; 7                           ;
;     ENA SCLR          ; 62                          ;
;     SCLR              ; 1                           ;
;     plain             ; 56                          ;
; cycloneiii_lcell_comb ; 1567                        ;
;     arith             ; 554                         ;
;         2 data inputs ; 180                         ;
;         3 data inputs ; 374                         ;
;     normal            ; 1013                        ;
;         0 data inputs ; 57                          ;
;         1 data inputs ; 13                          ;
;         2 data inputs ; 437                         ;
;         3 data inputs ; 54                          ;
;         4 data inputs ; 452                         ;
;                       ;                             ;
; Max LUT depth         ; 90.50                       ;
; Average LUT depth     ; 69.81                       ;
+-----------------------+-----------------------------+


+-------------------------------+
; Elapsed Time Per Partition    ;
+----------------+--------------+
; Partition Name ; Elapsed Time ;
+----------------+--------------+
; Top            ; 00:00:02     ;
+----------------+--------------+


+-------------------------------+
; Analysis & Synthesis Messages ;
+-------------------------------+
Info: *******************************************************************
Info: Running Quartus Prime Analysis & Synthesis
    Info: Version 22.1std.0 Build 915 10/25/2022 SC Lite Edition
    Info: Processing started: Sun Dec 18 18:14:58 2022
Info: Command: quartus_map --read_settings_files=on --write_settings_files=off vending_machine -c Vending_Machine
Warning (18236): Number of processors has not been specified which may cause overloading on shared machines.  Set the global assignment NUM_PARALLEL_PROCESSORS in your QSF to an appropriate value for best performance.
Info (20030): Parallel compilation is enabled and will use 6 of the 6 processors detected
Info (12021): Found 1 design units, including 1 entities, in source file de10_lite_golden_top.v
    Info (12023): Found entity 1: DE10_LITE_Golden_Top File: B:/QUARTUS/vending_machine_project/DE10_LITE_Golden_Top.v Line: 29
Info (12021): Found 1 design units, including 1 entities, in source file vending_machine.sv
    Info (12023): Found entity 1: Vending_Machine File: B:/QUARTUS/vending_machine_project/Vending_Machine.sv Line: 1
Info (12021): Found 1 design units, including 1 entities, in source file displaybalance.sv
    Info (12023): Found entity 1: DisplayBalance File: B:/QUARTUS/vending_machine_project/DisplayBalance.sv Line: 1
Info (12021): Found 1 design units, including 1 entities, in source file displaychange.sv
    Info (12023): Found entity 1: DisplayChange File: B:/QUARTUS/vending_machine_project/DisplayChange.sv Line: 1
Info (12021): Found 1 design units, including 1 entities, in source file displayproduct.sv
    Info (12023): Found entity 1: DisplayProduct File: B:/QUARTUS/vending_machine_project/DisplayProduct.sv Line: 1
Info (12021): Found 1 design units, including 1 entities, in source file output_files/blockdiagram.bdf
    Info (12023): Found entity 1: blockDiagram
Info (12127): Elaborating entity "Vending_Machine" for the top level hierarchy
Warning (10036): Verilog HDL or VHDL warning at Vending_Machine.sv(23): object "updateBalanceAndChange" assigned a value but never read File: B:/QUARTUS/vending_machine_project/Vending_Machine.sv Line: 23
Warning (10036): Verilog HDL or VHDL warning at Vending_Machine.sv(26): object "current_state" assigned a value but never read File: B:/QUARTUS/vending_machine_project/Vending_Machine.sv Line: 26
Warning (10858): Verilog HDL warning at Vending_Machine.sv(26): object next_state used but never assigned File: B:/QUARTUS/vending_machine_project/Vending_Machine.sv Line: 26
Info (12128): Elaborating entity "DisplayChange" for hierarchy "DisplayChange:changeDisplayer" File: B:/QUARTUS/vending_machine_project/Vending_Machine.sv Line: 13
Info (12128): Elaborating entity "DisplayBalance" for hierarchy "DisplayBalance:balanceDisplayer" File: B:/QUARTUS/vending_machine_project/Vending_Machine.sv Line: 14
Info (12128): Elaborating entity "DisplayProduct" for hierarchy "DisplayProduct:productDisplayer" File: B:/QUARTUS/vending_machine_project/Vending_Machine.sv Line: 15
Info (278001): Inferred 2 megafunctions from design logic
    Info (278004): Inferred divider/modulo megafunction ("lpm_divide") from the following logic: "Div1" File: B:/QUARTUS/vending_machine_project/Vending_Machine.sv Line: 73
    Info (278004): Inferred divider/modulo megafunction ("lpm_divide") from the following logic: "Div0" File: B:/QUARTUS/vending_machine_project/Vending_Machine.sv Line: 68
Info (12130): Elaborated megafunction instantiation "lpm_divide:Div1" File: B:/QUARTUS/vending_machine_project/Vending_Machine.sv Line: 73
Info (12133): Instantiated megafunction "lpm_divide:Div1" with the following parameter: File: B:/QUARTUS/vending_machine_project/Vending_Machine.sv Line: 73
    Info (12134): Parameter "LPM_WIDTHN" = "32"
    Info (12134): Parameter "LPM_WIDTHD" = "6"
    Info (12134): Parameter "LPM_NREPRESENTATION" = "SIGNED"
    Info (12134): Parameter "LPM_DREPRESENTATION" = "SIGNED"
    Info (12134): Parameter "LPM_HINT" = "LPM_REMAINDERPOSITIVE=FALSE"
Info (12021): Found 1 design units, including 1 entities, in source file db/lpm_divide_gbo.tdf
    Info (12023): Found entity 1: lpm_divide_gbo File: B:/QUARTUS/vending_machine_project/db/lpm_divide_gbo.tdf Line: 25
Info (12021): Found 1 design units, including 1 entities, in source file db/abs_divider_lbg.tdf
    Info (12023): Found entity 1: abs_divider_lbg File: B:/QUARTUS/vending_machine_project/db/abs_divider_lbg.tdf Line: 29
Info (12021): Found 1 design units, including 1 entities, in source file db/alt_u_div_uhe.tdf
    Info (12023): Found entity 1: alt_u_div_uhe File: B:/QUARTUS/vending_machine_project/db/alt_u_div_uhe.tdf Line: 27
Info (12021): Found 1 design units, including 1 entities, in source file db/add_sub_t3c.tdf
    Info (12023): Found entity 1: add_sub_t3c File: B:/QUARTUS/vending_machine_project/db/add_sub_t3c.tdf Line: 23
Info (12021): Found 1 design units, including 1 entities, in source file db/add_sub_u3c.tdf
    Info (12023): Found entity 1: add_sub_u3c File: B:/QUARTUS/vending_machine_project/db/add_sub_u3c.tdf Line: 23
Info (12021): Found 1 design units, including 1 entities, in source file db/lpm_abs_p99.tdf
    Info (12023): Found entity 1: lpm_abs_p99 File: B:/QUARTUS/vending_machine_project/db/lpm_abs_p99.tdf Line: 25
Info (12021): Found 1 design units, including 1 entities, in source file db/lpm_abs_8b9.tdf
    Info (12023): Found entity 1: lpm_abs_8b9 File: B:/QUARTUS/vending_machine_project/db/lpm_abs_8b9.tdf Line: 25
Info (13014): Ignored 62 buffer(s)
    Info (13016): Ignored 62 CARRY_SUM buffer(s)
Warning (13024): Output pins are stuck at VCC or GND
    Warning (13410): Pin "balanceLED2[7]" is stuck at VCC File: B:/QUARTUS/vending_machine_project/Vending_Machine.sv Line: 9
    Warning (13410): Pin "balanceLED3[7]" is stuck at VCC File: B:/QUARTUS/vending_machine_project/Vending_Machine.sv Line: 9
    Warning (13410): Pin "changeLED1[7]" is stuck at VCC File: B:/QUARTUS/vending_machine_project/Vending_Machine.sv Line: 10
    Warning (13410): Pin "changeLED2[7]" is stuck at VCC File: B:/QUARTUS/vending_machine_project/Vending_Machine.sv Line: 10
Info (286030): Timing-Driven Synthesis is running
Info (144001): Generated suppressed messages file B:/QUARTUS/vending_machine_project/output_files/Vending_Machine.map.smsg
Info (16010): Generating hard_block partition "hard_block:auto_generated_inst"
    Info (16011): Adding 0 node(s), including 0 DDIO, 0 PLL, 0 transceiver and 0 LCELL
Info (21057): Implemented 1636 device resources after synthesis - the final resource count might be different
    Info (21058): Implemented 8 input pins
    Info (21059): Implemented 47 output pins
    Info (21061): Implemented 1581 logic cells
Info: Quartus Prime Analysis & Synthesis was successful. 0 errors, 9 warnings
    Info: Peak virtual memory: 4810 megabytes
    Info: Processing ended: Sun Dec 18 18:15:08 2022
    Info: Elapsed time: 00:00:10
    Info: Total CPU time (on all processors): 00:00:18


+------------------------------------------+
; Analysis & Synthesis Suppressed Messages ;
+------------------------------------------+
The suppressed messages can be found in B:/QUARTUS/vending_machine_project/output_files/Vending_Machine.map.smsg.


